<?xml version="1.0" encoding="UTF-8"?>
<testsuite xmlns:xsi="http://www.w3.org/2001/XMLSchema-instance" xsi:noNamespaceSchemaLocation="https://maven.apache.org/surefire/maven-surefire-plugin/xsd/surefire-test-report.xsd" name="com.bix.AppTest" time="0.042" tests="1" errors="0" skipped="0" failures="0">
  <properties>
    <property name="sun.desktop" value="windows"/>
    <property name="awt.toolkit" value="sun.awt.windows.WToolkit"/>
    <property name="file.encoding.pkg" value="sun.io"/>
    <property name="java.specification.version" value="1.8"/>
    <property name="sun.cpu.isalist" value="amd64"/>
    <property name="sun.jnu.encoding" value="GBK"/>
    <property name="java.class.path" value="D:\code\java\zmx\bix-controller\target\test-classes;D:\code\java\zmx\bix-controller\target\classes;D:\code\java\zmx\bix-service\target\classes;D:\code\java\zmx\bix-common\target\classes;D:\code\java\zmx\bix-config\target\classes;D:\code\java\zmx\bix-utils\target\classes;D:\apache-maven-3.5.4\repository\org\hibernate\hibernate-core\5.3.10.Final\hibernate-core-5.3.10.Final.jar;D:\apache-maven-3.5.4\repository\javax\persistence\javax.persistence-api\2.2\javax.persistence-api-2.2.jar;D:\apache-maven-3.5.4\repository\org\javassist\javassist\3.23.2-GA\javassist-3.23.2-GA.jar;D:\apache-maven-3.5.4\repository\antlr\antlr\2.7.7\antlr-2.7.7.jar;D:\apache-maven-3.5.4\repository\org\jboss\spec\javax\transaction\jboss-transaction-api_1.2_spec\1.1.1.Final\jboss-transaction-api_1.2_spec-1.1.1.Final.jar;D:\apache-maven-3.5.4\repository\org\jboss\jandex\2.0.5.Final\jandex-2.0.5.Final.jar;D:\apache-maven-3.5.4\repository\javax\activation\javax.activation-api\1.2.0\javax.activation-api-1.2.0.jar;D:\apache-maven-3.5.4\repository\org\dom4j\dom4j\2.1.1\dom4j-2.1.1.jar;D:\apache-maven-3.5.4\repository\org\hibernate\common\hibernate-commons-annotations\5.0.4.Final\hibernate-commons-annotations-5.0.4.Final.jar;D:\code\java\zmx\bix-dao\target\classes;D:\apache-maven-3.5.4\repository\com\github\xiaoymin\swagger-bootstrap-ui\1.9.3\swagger-bootstrap-ui-1.9.3.jar;D:\apache-maven-3.5.4\repository\io\springfox\springfox-swagger2\2.9.2\springfox-swagger2-2.9.2.jar;D:\apache-maven-3.5.4\repository\io\swagger\swagger-annotations\1.5.20\swagger-annotations-1.5.20.jar;D:\apache-maven-3.5.4\repository\io\swagger\swagger-models\1.5.20\swagger-models-1.5.20.jar;D:\apache-maven-3.5.4\repository\com\fasterxml\jackson\core\jackson-annotations\2.9.0\jackson-annotations-2.9.0.jar;D:\apache-maven-3.5.4\repository\io\springfox\springfox-spi\2.9.2\springfox-spi-2.9.2.jar;D:\apache-maven-3.5.4\repository\io\springfox\springfox-core\2.9.2\springfox-core-2.9.2.jar;D:\apache-maven-3.5.4\repository\io\springfox\springfox-schema\2.9.2\springfox-schema-2.9.2.jar;D:\apache-maven-3.5.4\repository\io\springfox\springfox-swagger-common\2.9.2\springfox-swagger-common-2.9.2.jar;D:\apache-maven-3.5.4\repository\io\springfox\springfox-spring-web\2.9.2\springfox-spring-web-2.9.2.jar;D:\apache-maven-3.5.4\repository\com\google\guava\guava\20.0\guava-20.0.jar;D:\apache-maven-3.5.4\repository\com\fasterxml\classmate\1.4.0\classmate-1.4.0.jar;D:\apache-maven-3.5.4\repository\org\slf4j\slf4j-api\1.7.26\slf4j-api-1.7.26.jar;D:\apache-maven-3.5.4\repository\org\springframework\plugin\spring-plugin-core\1.2.0.RELEASE\spring-plugin-core-1.2.0.RELEASE.jar;D:\apache-maven-3.5.4\repository\org\springframework\spring-beans\5.1.7.RELEASE\spring-beans-5.1.7.RELEASE.jar;D:\apache-maven-3.5.4\repository\org\springframework\spring-context\5.1.7.RELEASE\spring-context-5.1.7.RELEASE.jar;D:\apache-maven-3.5.4\repository\org\springframework\plugin\spring-plugin-metadata\1.2.0.RELEASE\spring-plugin-metadata-1.2.0.RELEASE.jar;D:\apache-maven-3.5.4\repository\org\mapstruct\mapstruct\1.2.0.Final\mapstruct-1.2.0.Final.jar;D:\apache-maven-3.5.4\repository\io\springfox\springfox-swagger-ui\2.9.2\springfox-swagger-ui-2.9.2.jar;D:\apache-maven-3.5.4\repository\org\springframework\boot\spring-boot-starter-web\2.1.5.RELEASE\spring-boot-starter-web-2.1.5.RELEASE.jar;D:\apache-maven-3.5.4\repository\org\springframework\boot\spring-boot-starter-json\2.1.5.RELEASE\spring-boot-starter-json-2.1.5.RELEASE.jar;D:\apache-maven-3.5.4\repository\com\fasterxml\jackson\core\jackson-databind\2.9.8\jackson-databind-2.9.8.jar;D:\apache-maven-3.5.4\repository\com\fasterxml\jackson\core\jackson-core\2.9.8\jackson-core-2.9.8.jar;D:\apache-maven-3.5.4\repository\com\fasterxml\jackson\datatype\jackson-datatype-jdk8\2.9.8\jackson-datatype-jdk8-2.9.8.jar;D:\apache-maven-3.5.4\repository\com\fasterxml\jackson\datatype\jackson-datatype-jsr310\2.9.8\jackson-datatype-jsr310-2.9.8.jar;D:\apache-maven-3.5.4\repository\com\fasterxml\jackson\module\jackson-module-parameter-names\2.9.8\jackson-module-parameter-names-2.9.8.jar;D:\apache-maven-3.5.4\repository\org\springframework\boot\spring-boot-starter-tomcat\2.1.5.RELEASE\spring-boot-starter-tomcat-2.1.5.RELEASE.jar;D:\apache-maven-3.5.4\repository\org\apache\tomcat\embed\tomcat-embed-core\9.0.19\tomcat-embed-core-9.0.19.jar;D:\apache-maven-3.5.4\repository\org\apache\tomcat\embed\tomcat-embed-el\9.0.19\tomcat-embed-el-9.0.19.jar;D:\apache-maven-3.5.4\repository\org\apache\tomcat\embed\tomcat-embed-websocket\9.0.19\tomcat-embed-websocket-9.0.19.jar;D:\apache-maven-3.5.4\repository\org\hibernate\validator\hibernate-validator\6.0.16.Final\hibernate-validator-6.0.16.Final.jar;D:\apache-maven-3.5.4\repository\javax\validation\validation-api\2.0.1.Final\validation-api-2.0.1.Final.jar;D:\apache-maven-3.5.4\repository\org\jboss\logging\jboss-logging\3.3.2.Final\jboss-logging-3.3.2.Final.jar;D:\apache-maven-3.5.4\repository\org\springframework\spring-web\5.1.7.RELEASE\spring-web-5.1.7.RELEASE.jar;D:\apache-maven-3.5.4\repository\org\springframework\spring-webmvc\5.1.7.RELEASE\spring-webmvc-5.1.7.RELEASE.jar;D:\apache-maven-3.5.4\repository\org\springframework\spring-expression\5.1.7.RELEASE\spring-expression-5.1.7.RELEASE.jar;D:\apache-maven-3.5.4\repository\org\springframework\boot\spring-boot-starter-test\2.1.5.RELEASE\spring-boot-starter-test-2.1.5.RELEASE.jar;D:\apache-maven-3.5.4\repository\org\springframework\boot\spring-boot-test\2.1.5.RELEASE\spring-boot-test-2.1.5.RELEASE.jar;D:\apache-maven-3.5.4\repository\org\springframework\boot\spring-boot-test-autoconfigure\2.1.5.RELEASE\spring-boot-test-autoconfigure-2.1.5.RELEASE.jar;D:\apache-maven-3.5.4\repository\com\jayway\jsonpath\json-path\2.4.0\json-path-2.4.0.jar;D:\apache-maven-3.5.4\repository\net\minidev\json-smart\2.3\json-smart-2.3.jar;D:\apache-maven-3.5.4\repository\net\minidev\accessors-smart\1.2\accessors-smart-1.2.jar;D:\apache-maven-3.5.4\repository\org\ow2\asm\asm\5.0.4\asm-5.0.4.jar;D:\apache-maven-3.5.4\repository\junit\junit\4.12\junit-4.12.jar;D:\apache-maven-3.5.4\repository\org\assertj\assertj-core\3.11.1\assertj-core-3.11.1.jar;D:\apache-maven-3.5.4\repository\org\mockito\mockito-core\2.23.4\mockito-core-2.23.4.jar;D:\apache-maven-3.5.4\repository\net\bytebuddy\byte-buddy\1.9.12\byte-buddy-1.9.12.jar;D:\apache-maven-3.5.4\repository\net\bytebuddy\byte-buddy-agent\1.9.12\byte-buddy-agent-1.9.12.jar;D:\apache-maven-3.5.4\repository\org\objenesis\objenesis\2.6\objenesis-2.6.jar;D:\apache-maven-3.5.4\repository\org\hamcrest\hamcrest-core\1.3\hamcrest-core-1.3.jar;D:\apache-maven-3.5.4\repository\org\hamcrest\hamcrest-library\1.3\hamcrest-library-1.3.jar;D:\apache-maven-3.5.4\repository\org\skyscreamer\jsonassert\1.5.0\jsonassert-1.5.0.jar;D:\apache-maven-3.5.4\repository\com\vaadin\external\google\android-json\0.0.20131108.vaadin1\android-json-0.0.20131108.vaadin1.jar;D:\apache-maven-3.5.4\repository\org\springframework\spring-core\5.1.7.RELEASE\spring-core-5.1.7.RELEASE.jar;D:\apache-maven-3.5.4\repository\org\springframework\spring-jcl\5.1.7.RELEASE\spring-jcl-5.1.7.RELEASE.jar;D:\apache-maven-3.5.4\repository\org\springframework\spring-test\5.1.7.RELEASE\spring-test-5.1.7.RELEASE.jar;D:\apache-maven-3.5.4\repository\org\xmlunit\xmlunit-core\2.6.2\xmlunit-core-2.6.2.jar;D:\apache-maven-3.5.4\repository\org\springframework\boot\spring-boot-starter-aop\2.1.5.RELEASE\spring-boot-starter-aop-2.1.5.RELEASE.jar;D:\apache-maven-3.5.4\repository\org\springframework\spring-aop\5.1.7.RELEASE\spring-aop-5.1.7.RELEASE.jar;D:\apache-maven-3.5.4\repository\org\aspectj\aspectjweaver\1.9.4\aspectjweaver-1.9.4.jar;D:\apache-maven-3.5.4\repository\org\springframework\boot\spring-boot-starter-cache\2.1.5.RELEASE\spring-boot-starter-cache-2.1.5.RELEASE.jar;D:\apache-maven-3.5.4\repository\org\springframework\spring-context-support\5.1.7.RELEASE\spring-context-support-5.1.7.RELEASE.jar;D:\apache-maven-3.5.4\repository\org\springframework\boot\spring-boot-starter\2.1.5.RELEASE\spring-boot-starter-2.1.5.RELEASE.jar;D:\apache-maven-3.5.4\repository\org\springframework\boot\spring-boot\2.1.5.RELEASE\spring-boot-2.1.5.RELEASE.jar;D:\apache-maven-3.5.4\repository\org\springframework\boot\spring-boot-autoconfigure\2.1.5.RELEASE\spring-boot-autoconfigure-2.1.5.RELEASE.jar;D:\apache-maven-3.5.4\repository\org\springframework\boot\spring-boot-starter-logging\2.1.5.RELEASE\spring-boot-starter-logging-2.1.5.RELEASE.jar;D:\apache-maven-3.5.4\repository\ch\qos\logback\logback-classic\1.2.3\logback-classic-1.2.3.jar;D:\apache-maven-3.5.4\repository\ch\qos\logback\logback-core\1.2.3\logback-core-1.2.3.jar;D:\apache-maven-3.5.4\repository\org\apache\logging\log4j\log4j-to-slf4j\2.11.2\log4j-to-slf4j-2.11.2.jar;D:\apache-maven-3.5.4\repository\org\apache\logging\log4j\log4j-api\2.11.2\log4j-api-2.11.2.jar;D:\apache-maven-3.5.4\repository\org\slf4j\jul-to-slf4j\1.7.26\jul-to-slf4j-1.7.26.jar;D:\apache-maven-3.5.4\repository\javax\annotation\javax.annotation-api\1.3.2\javax.annotation-api-1.3.2.jar;D:\apache-maven-3.5.4\repository\org\yaml\snakeyaml\1.23\snakeyaml-1.23.jar;D:\apache-maven-3.5.4\repository\org\apache\velocity\velocity\1.7\velocity-1.7.jar;D:\apache-maven-3.5.4\repository\commons-collections\commons-collections\3.2.1\commons-collections-3.2.1.jar;D:\apache-maven-3.5.4\repository\commons-lang\commons-lang\2.4\commons-lang-2.4.jar;D:\apache-maven-3.5.4\repository\com\baomidou\mybatisplus-spring-boot-starter\1.0.4\mybatisplus-spring-boot-starter-1.0.4.jar;D:\apache-maven-3.5.4\repository\com\baomidou\mybatis-plus-boot-starter\3.4.2\mybatis-plus-boot-starter-3.4.2.jar;D:\apache-maven-3.5.4\repository\com\baomidou\mybatis-plus\3.4.2\mybatis-plus-3.4.2.jar;D:\apache-maven-3.5.4\repository\org\springframework\boot\spring-boot-starter-jdbc\2.1.5.RELEASE\spring-boot-starter-jdbc-2.1.5.RELEASE.jar;D:\apache-maven-3.5.4\repository\com\zaxxer\HikariCP\3.2.0\HikariCP-3.2.0.jar;D:\apache-maven-3.5.4\repository\org\springframework\spring-jdbc\5.1.7.RELEASE\spring-jdbc-5.1.7.RELEASE.jar;D:\apache-maven-3.5.4\repository\com\baomidou\mybatis-plus-extension\3.4.2\mybatis-plus-extension-3.4.2.jar;D:\apache-maven-3.5.4\repository\com\baomidou\mybatis-plus-core\3.4.2\mybatis-plus-core-3.4.2.jar;D:\apache-maven-3.5.4\repository\com\baomidou\mybatis-plus-annotation\3.4.2\mybatis-plus-annotation-3.4.2.jar;D:\apache-maven-3.5.4\repository\com\github\jsqlparser\jsqlparser\4.0\jsqlparser-4.0.jar;D:\apache-maven-3.5.4\repository\org\mybatis\mybatis-spring\2.0.5\mybatis-spring-2.0.5.jar;D:\apache-maven-3.5.4\repository\com\baomidou\mybatis-plus-generator\3.2.0\mybatis-plus-generator-3.2.0.jar;D:\apache-maven-3.5.4\repository\org\mybatis\spring\boot\mybatis-spring-boot-starter\1.3.1\mybatis-spring-boot-starter-1.3.1.jar;D:\apache-maven-3.5.4\repository\org\mybatis\spring\boot\mybatis-spring-boot-autoconfigure\1.3.1\mybatis-spring-boot-autoconfigure-1.3.1.jar;D:\apache-maven-3.5.4\repository\org\mybatis\mybatis\3.4.5\mybatis-3.4.5.jar;D:\apache-maven-3.5.4\repository\org\projectlombok\lombok\1.18.8\lombok-1.18.8.jar;D:\apache-maven-3.5.4\repository\com\baomidou\dynamic-datasource-spring-boot-starter\2.5.1\dynamic-datasource-spring-boot-starter-2.5.1.jar;D:\apache-maven-3.5.4\repository\com\alibaba\druid-spring-boot-starter\1.1.14\druid-spring-boot-starter-1.1.14.jar;D:\apache-maven-3.5.4\repository\com\alibaba\druid\1.1.14\druid-1.1.14.jar;D:\apache-maven-3.5.4\repository\com\microsoft\sqlserver\mssql-jdbc\6.2.0.jre8\mssql-jdbc-6.2.0.jre8.jar;D:\apache-maven-3.5.4\repository\org\apache\commons\commons-lang3\3.8.1\commons-lang3-3.8.1.jar;D:\apache-maven-3.5.4\repository\org\springframework\boot\spring-boot-starter-websocket\2.1.5.RELEASE\spring-boot-starter-websocket-2.1.5.RELEASE.jar;D:\apache-maven-3.5.4\repository\org\springframework\spring-messaging\5.1.7.RELEASE\spring-messaging-5.1.7.RELEASE.jar;D:\apache-maven-3.5.4\repository\org\springframework\spring-websocket\5.1.7.RELEASE\spring-websocket-5.1.7.RELEASE.jar;D:\apache-maven-3.5.4\repository\net\sf\ehcache\ehcache\2.9.1\ehcache-2.9.1.jar;D:\apache-maven-3.5.4\repository\com\alibaba\fastjson\1.2.58\fastjson-1.2.58.jar;D:\apache-maven-3.5.4\repository\com\vip\vjtools\vjkit\1.0.8\vjkit-1.0.8.jar;D:\apache-maven-3.5.4\repository\com\xiaoleilu\hutool\2.16.2\hutool-2.16.2.jar;D:\apache-maven-3.5.4\repository\com\github\dadiyang\equator\1.0.1\equator-1.0.1.jar;D:\apache-maven-3.5.4\repository\org\apache\commons\commons-jexl\2.1.1\commons-jexl-2.1.1.jar;D:\apache-maven-3.5.4\repository\commons-logging\commons-logging\1.1.1\commons-logging-1.1.1.jar;D:\apache-maven-3.5.4\repository\cn\hutool\hutool-all\4.0.12\hutool-all-4.0.12.jar;D:\apache-maven-3.5.4\repository\mysql\mysql-connector-java\6.0.4\mysql-connector-java-6.0.4.jar;D:\apache-maven-3.5.4\repository\org\springframework\boot\spring-boot-devtools\2.1.5.RELEASE\spring-boot-devtools-2.1.5.RELEASE.jar;D:\apache-maven-3.5.4\repository\org\springframework\boot\spring-boot-starter-data-redis\2.1.5.RELEASE\spring-boot-starter-data-redis-2.1.5.RELEASE.jar;D:\apache-maven-3.5.4\repository\org\springframework\data\spring-data-redis\2.1.8.RELEASE\spring-data-redis-2.1.8.RELEASE.jar;D:\apache-maven-3.5.4\repository\org\springframework\data\spring-data-keyvalue\2.1.8.RELEASE\spring-data-keyvalue-2.1.8.RELEASE.jar;D:\apache-maven-3.5.4\repository\org\springframework\data\spring-data-commons\2.1.8.RELEASE\spring-data-commons-2.1.8.RELEASE.jar;D:\apache-maven-3.5.4\repository\org\springframework\spring-tx\5.1.7.RELEASE\spring-tx-5.1.7.RELEASE.jar;D:\apache-maven-3.5.4\repository\org\springframework\spring-oxm\5.1.7.RELEASE\spring-oxm-5.1.7.RELEASE.jar;D:\apache-maven-3.5.4\repository\redis\clients\jedis\2.9.3\jedis-2.9.3.jar;D:\apache-maven-3.5.4\repository\org\apache\commons\commons-pool2\2.6.2\commons-pool2-2.6.2.jar;D:\apache-maven-3.5.4\repository\org\springframework\boot\spring-boot-starter-amqp\2.1.5.RELEASE\spring-boot-starter-amqp-2.1.5.RELEASE.jar;D:\apache-maven-3.5.4\repository\org\springframework\amqp\spring-rabbit\2.1.6.RELEASE\spring-rabbit-2.1.6.RELEASE.jar;D:\apache-maven-3.5.4\repository\org\springframework\amqp\spring-amqp\2.1.6.RELEASE\spring-amqp-2.1.6.RELEASE.jar;D:\apache-maven-3.5.4\repository\org\springframework\retry\spring-retry\1.2.4.RELEASE\spring-retry-1.2.4.RELEASE.jar;D:\apache-maven-3.5.4\repository\com\rabbitmq\amqp-client\5.4.3\amqp-client-5.4.3.jar;"/>
    <property name="java.vm.vendor" value="Oracle Corporation"/>
    <property name="sun.arch.data.model" value="64"/>
    <property name="user.variant" value=""/>
    <property name="java.vendor.url" value="http://java.oracle.com/"/>
    <property name="user.timezone" value="Asia/Shanghai"/>
    <property name="java.vm.specification.version" value="1.8"/>
    <property name="os.name" value="Windows 10"/>
    <property name="user.country" value="CN"/>
    <property name="sun.java.launcher" value="SUN_STANDARD"/>
    <property name="sun.boot.library.path" value="C:\Program Files\Java\jdk1.8.0_181\jre\bin"/>
    <property name="sun.java.command" value="C:\Users\PC\AppData\Local\Temp\surefire5195229108535024564\surefirebooter3127209020138210656.jar C:\Users\PC\AppData\Local\Temp\surefire5195229108535024564 2021-07-22T15-05-34_727-jvmRun1 surefire5842738945541826785tmp surefire_56554758866640651675tmp"/>
    <property name="surefire.test.class.path" value="D:\code\java\zmx\bix-controller\target\test-classes;D:\code\java\zmx\bix-controller\target\classes;D:\code\java\zmx\bix-service\target\classes;D:\code\java\zmx\bix-common\target\classes;D:\code\java\zmx\bix-config\target\classes;D:\code\java\zmx\bix-utils\target\classes;D:\apache-maven-3.5.4\repository\org\hibernate\hibernate-core\5.3.10.Final\hibernate-core-5.3.10.Final.jar;D:\apache-maven-3.5.4\repository\javax\persistence\javax.persistence-api\2.2\javax.persistence-api-2.2.jar;D:\apache-maven-3.5.4\repository\org\javassist\javassist\3.23.2-GA\javassist-3.23.2-GA.jar;D:\apache-maven-3.5.4\repository\antlr\antlr\2.7.7\antlr-2.7.7.jar;D:\apache-maven-3.5.4\repository\org\jboss\spec\javax\transaction\jboss-transaction-api_1.2_spec\1.1.1.Final\jboss-transaction-api_1.2_spec-1.1.1.Final.jar;D:\apache-maven-3.5.4\repository\org\jboss\jandex\2.0.5.Final\jandex-2.0.5.Final.jar;D:\apache-maven-3.5.4\repository\javax\activation\javax.activation-api\1.2.0\javax.activation-api-1.2.0.jar;D:\apache-maven-3.5.4\repository\org\dom4j\dom4j\2.1.1\dom4j-2.1.1.jar;D:\apache-maven-3.5.4\repository\org\hibernate\common\hibernate-commons-annotations\5.0.4.Final\hibernate-commons-annotations-5.0.4.Final.jar;D:\code\java\zmx\bix-dao\target\classes;D:\apache-maven-3.5.4\repository\com\github\xiaoymin\swagger-bootstrap-ui\1.9.3\swagger-bootstrap-ui-1.9.3.jar;D:\apache-maven-3.5.4\repository\io\springfox\springfox-swagger2\2.9.2\springfox-swagger2-2.9.2.jar;D:\apache-maven-3.5.4\repository\io\swagger\swagger-annotations\1.5.20\swagger-annotations-1.5.20.jar;D:\apache-maven-3.5.4\repository\io\swagger\swagger-models\1.5.20\swagger-models-1.5.20.jar;D:\apache-maven-3.5.4\repository\com\fasterxml\jackson\core\jackson-annotations\2.9.0\jackson-annotations-2.9.0.jar;D:\apache-maven-3.5.4\repository\io\springfox\springfox-spi\2.9.2\springfox-spi-2.9.2.jar;D:\apache-maven-3.5.4\repository\io\springfox\springfox-core\2.9.2\springfox-core-2.9.2.jar;D:\apache-maven-3.5.4\repository\io\springfox\springfox-schema\2.9.2\springfox-schema-2.9.2.jar;D:\apache-maven-3.5.4\repository\io\springfox\springfox-swagger-common\2.9.2\springfox-swagger-common-2.9.2.jar;D:\apache-maven-3.5.4\repository\io\springfox\springfox-spring-web\2.9.2\springfox-spring-web-2.9.2.jar;D:\apache-maven-3.5.4\repository\com\google\guava\guava\20.0\guava-20.0.jar;D:\apache-maven-3.5.4\repository\com\fasterxml\classmate\1.4.0\classmate-1.4.0.jar;D:\apache-maven-3.5.4\repository\org\slf4j\slf4j-api\1.7.26\slf4j-api-1.7.26.jar;D:\apache-maven-3.5.4\repository\org\springframework\plugin\spring-plugin-core\1.2.0.RELEASE\spring-plugin-core-1.2.0.RELEASE.jar;D:\apache-maven-3.5.4\repository\org\springframework\spring-beans\5.1.7.RELEASE\spring-beans-5.1.7.RELEASE.jar;D:\apache-maven-3.5.4\repository\org\springframework\spring-context\5.1.7.RELEASE\spring-context-5.1.7.RELEASE.jar;D:\apache-maven-3.5.4\repository\org\springframework\plugin\spring-plugin-metadata\1.2.0.RELEASE\spring-plugin-metadata-1.2.0.RELEASE.jar;D:\apache-maven-3.5.4\repository\org\mapstruct\mapstruct\1.2.0.Final\mapstruct-1.2.0.Final.jar;D:\apache-maven-3.5.4\repository\io\springfox\springfox-swagger-ui\2.9.2\springfox-swagger-ui-2.9.2.jar;D:\apache-maven-3.5.4\repository\org\springframework\boot\spring-boot-starter-web\2.1.5.RELEASE\spring-boot-starter-web-2.1.5.RELEASE.jar;D:\apache-maven-3.5.4\repository\org\springframework\boot\spring-boot-starter-json\2.1.5.RELEASE\spring-boot-starter-json-2.1.5.RELEASE.jar;D:\apache-maven-3.5.4\repository\com\fasterxml\jackson\core\jackson-databind\2.9.8\jackson-databind-2.9.8.jar;D:\apache-maven-3.5.4\repository\com\fasterxml\jackson\core\jackson-core\2.9.8\jackson-core-2.9.8.jar;D:\apache-maven-3.5.4\repository\com\fasterxml\jackson\datatype\jackson-datatype-jdk8\2.9.8\jackson-datatype-jdk8-2.9.8.jar;D:\apache-maven-3.5.4\repository\com\fasterxml\jackson\datatype\jackson-datatype-jsr310\2.9.8\jackson-datatype-jsr310-2.9.8.jar;D:\apache-maven-3.5.4\repository\com\fasterxml\jackson\module\jackson-module-parameter-names\2.9.8\jackson-module-parameter-names-2.9.8.jar;D:\apache-maven-3.5.4\repository\org\springframework\boot\spring-boot-starter-tomcat\2.1.5.RELEASE\spring-boot-starter-tomcat-2.1.5.RELEASE.jar;D:\apache-maven-3.5.4\repository\org\apache\tomcat\embed\tomcat-embed-core\9.0.19\tomcat-embed-core-9.0.19.jar;D:\apache-maven-3.5.4\repository\org\apache\tomcat\embed\tomcat-embed-el\9.0.19\tomcat-embed-el-9.0.19.jar;D:\apache-maven-3.5.4\repository\org\apache\tomcat\embed\tomcat-embed-websocket\9.0.19\tomcat-embed-websocket-9.0.19.jar;D:\apache-maven-3.5.4\repository\org\hibernate\validator\hibernate-validator\6.0.16.Final\hibernate-validator-6.0.16.Final.jar;D:\apache-maven-3.5.4\repository\javax\validation\validation-api\2.0.1.Final\validation-api-2.0.1.Final.jar;D:\apache-maven-3.5.4\repository\org\jboss\logging\jboss-logging\3.3.2.Final\jboss-logging-3.3.2.Final.jar;D:\apache-maven-3.5.4\repository\org\springframework\spring-web\5.1.7.RELEASE\spring-web-5.1.7.RELEASE.jar;D:\apache-maven-3.5.4\repository\org\springframework\spring-webmvc\5.1.7.RELEASE\spring-webmvc-5.1.7.RELEASE.jar;D:\apache-maven-3.5.4\repository\org\springframework\spring-expression\5.1.7.RELEASE\spring-expression-5.1.7.RELEASE.jar;D:\apache-maven-3.5.4\repository\org\springframework\boot\spring-boot-starter-test\2.1.5.RELEASE\spring-boot-starter-test-2.1.5.RELEASE.jar;D:\apache-maven-3.5.4\repository\org\springframework\boot\spring-boot-test\2.1.5.RELEASE\spring-boot-test-2.1.5.RELEASE.jar;D:\apache-maven-3.5.4\repository\org\springframework\boot\spring-boot-test-autoconfigure\2.1.5.RELEASE\spring-boot-test-autoconfigure-2.1.5.RELEASE.jar;D:\apache-maven-3.5.4\repository\com\jayway\jsonpath\json-path\2.4.0\json-path-2.4.0.jar;D:\apache-maven-3.5.4\repository\net\minidev\json-smart\2.3\json-smart-2.3.jar;D:\apache-maven-3.5.4\repository\net\minidev\accessors-smart\1.2\accessors-smart-1.2.jar;D:\apache-maven-3.5.4\repository\org\ow2\asm\asm\5.0.4\asm-5.0.4.jar;D:\apache-maven-3.5.4\repository\junit\junit\4.12\junit-4.12.jar;D:\apache-maven-3.5.4\repository\org\assertj\assertj-core\3.11.1\assertj-core-3.11.1.jar;D:\apache-maven-3.5.4\repository\org\mockito\mockito-core\2.23.4\mockito-core-2.23.4.jar;D:\apache-maven-3.5.4\repository\net\bytebuddy\byte-buddy\1.9.12\byte-buddy-1.9.12.jar;D:\apache-maven-3.5.4\repository\net\bytebuddy\byte-buddy-agent\1.9.12\byte-buddy-agent-1.9.12.jar;D:\apache-maven-3.5.4\repository\org\objenesis\objenesis\2.6\objenesis-2.6.jar;D:\apache-maven-3.5.4\repository\org\hamcrest\hamcrest-core\1.3\hamcrest-core-1.3.jar;D:\apache-maven-3.5.4\repository\org\hamcrest\hamcrest-library\1.3\hamcrest-library-1.3.jar;D:\apache-maven-3.5.4\repository\org\skyscreamer\jsonassert\1.5.0\jsonassert-1.5.0.jar;D:\apache-maven-3.5.4\repository\com\vaadin\external\google\android-json\0.0.20131108.vaadin1\android-json-0.0.20131108.vaadin1.jar;D:\apache-maven-3.5.4\repository\org\springframework\spring-core\5.1.7.RELEASE\spring-core-5.1.7.RELEASE.jar;D:\apache-maven-3.5.4\repository\org\springframework\spring-jcl\5.1.7.RELEASE\spring-jcl-5.1.7.RELEASE.jar;D:\apache-maven-3.5.4\repository\org\springframework\spring-test\5.1.7.RELEASE\spring-test-5.1.7.RELEASE.jar;D:\apache-maven-3.5.4\repository\org\xmlunit\xmlunit-core\2.6.2\xmlunit-core-2.6.2.jar;D:\apache-maven-3.5.4\repository\org\springframework\boot\spring-boot-starter-aop\2.1.5.RELEASE\spring-boot-starter-aop-2.1.5.RELEASE.jar;D:\apache-maven-3.5.4\repository\org\springframework\spring-aop\5.1.7.RELEASE\spring-aop-5.1.7.RELEASE.jar;D:\apache-maven-3.5.4\repository\org\aspectj\aspectjweaver\1.9.4\aspectjweaver-1.9.4.jar;D:\apache-maven-3.5.4\repository\org\springframework\boot\spring-boot-starter-cache\2.1.5.RELEASE\spring-boot-starter-cache-2.1.5.RELEASE.jar;D:\apache-maven-3.5.4\repository\org\springframework\spring-context-support\5.1.7.RELEASE\spring-context-support-5.1.7.RELEASE.jar;D:\apache-maven-3.5.4\repository\org\springframework\boot\spring-boot-starter\2.1.5.RELEASE\spring-boot-starter-2.1.5.RELEASE.jar;D:\apache-maven-3.5.4\repository\org\springframework\boot\spring-boot\2.1.5.RELEASE\spring-boot-2.1.5.RELEASE.jar;D:\apache-maven-3.5.4\repository\org\springframework\boot\spring-boot-autoconfigure\2.1.5.RELEASE\spring-boot-autoconfigure-2.1.5.RELEASE.jar;D:\apache-maven-3.5.4\repository\org\springframework\boot\spring-boot-starter-logging\2.1.5.RELEASE\spring-boot-starter-logging-2.1.5.RELEASE.jar;D:\apache-maven-3.5.4\repository\ch\qos\logback\logback-classic\1.2.3\logback-classic-1.2.3.jar;D:\apache-maven-3.5.4\repository\ch\qos\logback\logback-core\1.2.3\logback-core-1.2.3.jar;D:\apache-maven-3.5.4\repository\org\apache\logging\log4j\log4j-to-slf4j\2.11.2\log4j-to-slf4j-2.11.2.jar;D:\apache-maven-3.5.4\repository\org\apache\logging\log4j\log4j-api\2.11.2\log4j-api-2.11.2.jar;D:\apache-maven-3.5.4\repository\org\slf4j\jul-to-slf4j\1.7.26\jul-to-slf4j-1.7.26.jar;D:\apache-maven-3.5.4\repository\javax\annotation\javax.annotation-api\1.3.2\javax.annotation-api-1.3.2.jar;D:\apache-maven-3.5.4\repository\org\yaml\snakeyaml\1.23\snakeyaml-1.23.jar;D:\apache-maven-3.5.4\repository\org\apache\velocity\velocity\1.7\velocity-1.7.jar;D:\apache-maven-3.5.4\repository\commons-collections\commons-collections\3.2.1\commons-collections-3.2.1.jar;D:\apache-maven-3.5.4\repository\commons-lang\commons-lang\2.4\commons-lang-2.4.jar;D:\apache-maven-3.5.4\repository\com\baomidou\mybatisplus-spring-boot-starter\1.0.4\mybatisplus-spring-boot-starter-1.0.4.jar;D:\apache-maven-3.5.4\repository\com\baomidou\mybatis-plus-boot-starter\3.4.2\mybatis-plus-boot-starter-3.4.2.jar;D:\apache-maven-3.5.4\repository\com\baomidou\mybatis-plus\3.4.2\mybatis-plus-3.4.2.jar;D:\apache-maven-3.5.4\repository\org\springframework\boot\spring-boot-starter-jdbc\2.1.5.RELEASE\spring-boot-starter-jdbc-2.1.5.RELEASE.jar;D:\apache-maven-3.5.4\repository\com\zaxxer\HikariCP\3.2.0\HikariCP-3.2.0.jar;D:\apache-maven-3.5.4\repository\org\springframework\spring-jdbc\5.1.7.RELEASE\spring-jdbc-5.1.7.RELEASE.jar;D:\apache-maven-3.5.4\repository\com\baomidou\mybatis-plus-extension\3.4.2\mybatis-plus-extension-3.4.2.jar;D:\apache-maven-3.5.4\repository\com\baomidou\mybatis-plus-core\3.4.2\mybatis-plus-core-3.4.2.jar;D:\apache-maven-3.5.4\repository\com\baomidou\mybatis-plus-annotation\3.4.2\mybatis-plus-annotation-3.4.2.jar;D:\apache-maven-3.5.4\repository\com\github\jsqlparser\jsqlparser\4.0\jsqlparser-4.0.jar;D:\apache-maven-3.5.4\repository\org\mybatis\mybatis-spring\2.0.5\mybatis-spring-2.0.5.jar;D:\apache-maven-3.5.4\repository\com\baomidou\mybatis-plus-generator\3.2.0\mybatis-plus-generator-3.2.0.jar;D:\apache-maven-3.5.4\repository\org\mybatis\spring\boot\mybatis-spring-boot-starter\1.3.1\mybatis-spring-boot-starter-1.3.1.jar;D:\apache-maven-3.5.4\repository\org\mybatis\spring\boot\mybatis-spring-boot-autoconfigure\1.3.1\mybatis-spring-boot-autoconfigure-1.3.1.jar;D:\apache-maven-3.5.4\repository\org\mybatis\mybatis\3.4.5\mybatis-3.4.5.jar;D:\apache-maven-3.5.4\repository\org\projectlombok\lombok\1.18.8\lombok-1.18.8.jar;D:\apache-maven-3.5.4\repository\com\baomidou\dynamic-datasource-spring-boot-starter\2.5.1\dynamic-datasource-spring-boot-starter-2.5.1.jar;D:\apache-maven-3.5.4\repository\com\alibaba\druid-spring-boot-starter\1.1.14\druid-spring-boot-starter-1.1.14.jar;D:\apache-maven-3.5.4\repository\com\alibaba\druid\1.1.14\druid-1.1.14.jar;D:\apache-maven-3.5.4\repository\com\microsoft\sqlserver\mssql-jdbc\6.2.0.jre8\mssql-jdbc-6.2.0.jre8.jar;D:\apache-maven-3.5.4\repository\org\apache\commons\commons-lang3\3.8.1\commons-lang3-3.8.1.jar;D:\apache-maven-3.5.4\repository\org\springframework\boot\spring-boot-starter-websocket\2.1.5.RELEASE\spring-boot-starter-websocket-2.1.5.RELEASE.jar;D:\apache-maven-3.5.4\repository\org\springframework\spring-messaging\5.1.7.RELEASE\spring-messaging-5.1.7.RELEASE.jar;D:\apache-maven-3.5.4\repository\org\springframework\spring-websocket\5.1.7.RELEASE\spring-websocket-5.1.7.RELEASE.jar;D:\apache-maven-3.5.4\repository\net\sf\ehcache\ehcache\2.9.1\ehcache-2.9.1.jar;D:\apache-maven-3.5.4\repository\com\alibaba\fastjson\1.2.58\fastjson-1.2.58.jar;D:\apache-maven-3.5.4\repository\com\vip\vjtools\vjkit\1.0.8\vjkit-1.0.8.jar;D:\apache-maven-3.5.4\repository\com\xiaoleilu\hutool\2.16.2\hutool-2.16.2.jar;D:\apache-maven-3.5.4\repository\com\github\dadiyang\equator\1.0.1\equator-1.0.1.jar;D:\apache-maven-3.5.4\repository\org\apache\commons\commons-jexl\2.1.1\commons-jexl-2.1.1.jar;D:\apache-maven-3.5.4\repository\commons-logging\commons-logging\1.1.1\commons-logging-1.1.1.jar;D:\apache-maven-3.5.4\repository\cn\hutool\hutool-all\4.0.12\hutool-all-4.0.12.jar;D:\apache-maven-3.5.4\repository\mysql\mysql-connector-java\6.0.4\mysql-connector-java-6.0.4.jar;D:\apache-maven-3.5.4\repository\org\springframework\boot\spring-boot-devtools\2.1.5.RELEASE\spring-boot-devtools-2.1.5.RELEASE.jar;D:\apache-maven-3.5.4\repository\org\springframework\boot\spring-boot-starter-data-redis\2.1.5.RELEASE\spring-boot-starter-data-redis-2.1.5.RELEASE.jar;D:\apache-maven-3.5.4\repository\org\springframework\data\spring-data-redis\2.1.8.RELEASE\spring-data-redis-2.1.8.RELEASE.jar;D:\apache-maven-3.5.4\repository\org\springframework\data\spring-data-keyvalue\2.1.8.RELEASE\spring-data-keyvalue-2.1.8.RELEASE.jar;D:\apache-maven-3.5.4\repository\org\springframework\data\spring-data-commons\2.1.8.RELEASE\spring-data-commons-2.1.8.RELEASE.jar;D:\apache-maven-3.5.4\repository\org\springframework\spring-tx\5.1.7.RELEASE\spring-tx-5.1.7.RELEASE.jar;D:\apache-maven-3.5.4\repository\org\springframework\spring-oxm\5.1.7.RELEASE\spring-oxm-5.1.7.RELEASE.jar;D:\apache-maven-3.5.4\repository\redis\clients\jedis\2.9.3\jedis-2.9.3.jar;D:\apache-maven-3.5.4\repository\org\apache\commons\commons-pool2\2.6.2\commons-pool2-2.6.2.jar;D:\apache-maven-3.5.4\repository\org\springframework\boot\spring-boot-starter-amqp\2.1.5.RELEASE\spring-boot-starter-amqp-2.1.5.RELEASE.jar;D:\apache-maven-3.5.4\repository\org\springframework\amqp\spring-rabbit\2.1.6.RELEASE\spring-rabbit-2.1.6.RELEASE.jar;D:\apache-maven-3.5.4\repository\org\springframework\amqp\spring-amqp\2.1.6.RELEASE\spring-amqp-2.1.6.RELEASE.jar;D:\apache-maven-3.5.4\repository\org\springframework\retry\spring-retry\1.2.4.RELEASE\spring-retry-1.2.4.RELEASE.jar;D:\apache-maven-3.5.4\repository\com\rabbitmq\amqp-client\5.4.3\amqp-client-5.4.3.jar;"/>
    <property name="sun.cpu.endian" value="little"/>
    <property name="user.home" value="C:\Users\PC"/>
    <property name="user.language" value="zh"/>
    <property name="java.specification.vendor" value="Oracle Corporation"/>
    <property name="java.home" value="C:\Program Files\Java\jdk1.8.0_181\jre"/>
    <property name="basedir" value="D:\code\java\zmx\bix-controller"/>
    <property name="file.separator" value="\"/>
    <property name="line.separator" value="&#10;"/>
    <property name="idea.version2019.2.3" value="true"/>
    <property name="java.vm.specification.vendor" value="Oracle Corporation"/>
    <property name="java.specification.name" value="Java Platform API Specification"/>
    <property name="java.awt.graphicsenv" value="sun.awt.Win32GraphicsEnvironment"/>
    <property name="surefire.real.class.path" value="C:\Users\PC\AppData\Local\Temp\surefire5195229108535024564\surefirebooter3127209020138210656.jar"/>
    <property name="sun.boot.class.path" value="C:\Program Files\Java\jdk1.8.0_181\jre\lib\resources.jar;C:\Program Files\Java\jdk1.8.0_181\jre\lib\rt.jar;C:\Program Files\Java\jdk1.8.0_181\jre\lib\sunrsasign.jar;C:\Program Files\Java\jdk1.8.0_181\jre\lib\jsse.jar;C:\Program Files\Java\jdk1.8.0_181\jre\lib\jce.jar;C:\Program Files\Java\jdk1.8.0_181\jre\lib\charsets.jar;C:\Program Files\Java\jdk1.8.0_181\jre\lib\jfr.jar;C:\Program Files\Java\jdk1.8.0_181\jre\classes"/>
    <property name="user.script" value=""/>
    <property name="sun.management.compiler" value="HotSpot 64-Bit Tiered Compilers"/>
    <property name="java.runtime.version" value="1.8.0_181-b13"/>
    <property name="user.name" value="PC"/>
    <property name="path.separator" value=";"/>
    <property name="os.version" value="10.0"/>
    <property name="java.endorsed.dirs" value="C:\Program Files\Java\jdk1.8.0_181\jre\lib\endorsed"/>
    <property name="java.runtime.name" value="Java(TM) SE Runtime Environment"/>
    <property name="file.encoding" value="GBK"/>
    <property name="java.vm.name" value="Java HotSpot(TM) 64-Bit Server VM"/>
    <property name="localRepository" value="D:\apache-maven-3.5.4\repository"/>
    <property name="java.vendor.url.bug" value="http://bugreport.sun.com/bugreport/"/>
    <property name="java.io.tmpdir" value="C:\Users\PC\AppData\Local\Temp\"/>
    <property name="java.version" value="1.8.0_181"/>
    <property name="user.dir" value="D:\code\java\zmx\bix-controller"/>
    <property name="os.arch" value="amd64"/>
    <property name="java.vm.specification.name" value="Java Virtual Machine Specification"/>
    <property name="java.awt.printerjob" value="sun.awt.windows.WPrinterJob"/>
    <property name="sun.os.patch.level" value=""/>
    <property name="java.library.path" value="C:\Program Files\Java\jdk1.8.0_181\jre\bin;C:\Windows\Sun\Java\bin;C:\Windows\system32;C:\Windows;C:\Program Files (x86)\Common Files\Oracle\Java\javapath;C:\Windows\system32;C:\Windows;C:\Windows\System32\Wbem;C:\Windows\System32\WindowsPowerShell\v1.0\;C:\Windows\System32\OpenSSH\;&quot;C:\Program Files\java\jdk1.8.0_181\bin;C:\Program Files\java\jdk1.8.0_181\jre\bin&quot;;D:\git\Git\cmd;C:\Users\PC\AppData\Local\Microsoft\WindowsApps;;D:\IntelliJ IDEA 2020.2.1\bin;;."/>
    <property name="java.vm.info" value="mixed mode"/>
    <property name="java.vendor" value="Oracle Corporation"/>
    <property name="java.vm.version" value="25.181-b13"/>
    <property name="java.ext.dirs" value="C:\Program Files\Java\jdk1.8.0_181\jre\lib\ext;C:\Windows\Sun\Java\lib\ext"/>
    <property name="sun.io.unicode.encoding" value="UnicodeLittle"/>
    <property name="java.class.version" value="52.0"/>
  </properties>
  <testcase name="shouldAnswerWithTrue" classname="com.bix.AppTest" time="0"/>
</testsuite>